1688540185.342284 client started (24046): version 3.3a, socket /private/tmp/tmux-501/default, protocol 8
1688540185.342317 on Darwin 22.5.0 Darwin Kernel Version 22.5.0: Thu Jun  8 22:22:19 PDT 2023; root:xnu-8796.121.3~7/RELEASE_ARM64_T8103
1688540185.342526 using libevent 2.1.12-stable (select); utf8proc 2.8.0; ncurses 6.4
1688540185.342541 flags are 0x18010000
1688540185.342546 socket is /private/tmp/tmux-501/default
1688540185.342555 trying connect
1688540185.342568 connect failed: Connection refused
1688540185.342581 lock file is /private/tmp/tmux-501/default.lock
1688540185.342726 flock succeeded
1688540185.342731 got lock (6)
1688540185.342736 trying connect
1688540185.342741 connect failed: Connection refused
1688540185.343105 add peer 0x158048000: 7 (0x0)
1688540185.349433 sending message 100 to peer 0x158048000 (4 bytes)
1688540185.349442 sending message 111 to peer 0x158048000 (8 bytes)
1688540185.349449 sending message 101 to peer 0x158048000 (15 bytes)
1688540185.349455 sending message 109 to peer 0x158048000 (4 bytes)
1688540185.349460 sending message 102 to peer 0x158048000 (13 bytes)
1688540185.349466 sending message 108 to peer 0x158048000 (30 bytes)
1688540185.349472 sending message 112 to peer 0x158048000 (58 bytes)
1688540185.349477 sending message 112 to peer 0x158048000 (5 bytes)
1688540185.349483 sending message 112 to peer 0x158048000 (5 bytes)
1688540185.349489 sending message 112 to peer 0x158048000 (6 bytes)
1688540185.349494 sending message 112 to peer 0x158048000 (6 bytes)
1688540185.349499 sending message 112 to peer 0x158048000 (11 bytes)
1688540185.349504 sending message 112 to peer 0x158048000 (10 bytes)
1688540185.349509 sending message 112 to peer 0x158048000 (13 bytes)
1688540185.349514 sending message 112 to peer 0x158048000 (14 bytes)
1688540185.349520 sending message 112 to peer 0x158048000 (19 bytes)
1688540185.349525 sending message 112 to peer 0x158048000 (11 bytes)
1688540185.349529 sending message 112 to peer 0x158048000 (10 bytes)
1688540185.349534 sending message 112 to peer 0x158048000 (15 bytes)
1688540185.349540 sending message 112 to peer 0x158048000 (21 bytes)
1688540185.349546 sending message 112 to peer 0x158048000 (13 bytes)
1688540185.349551 sending message 112 to peer 0x158048000 (7 bytes)
1688540185.349583 sending message 112 to peer 0x158048000 (13 bytes)
1688540185.349593 sending message 112 to peer 0x158048000 (7 bytes)
1688540185.349600 sending message 112 to peer 0x158048000 (13 bytes)
1688540185.349606 sending message 112 to peer 0x158048000 (9 bytes)
1688540185.349612 sending message 112 to peer 0x158048000 (21 bytes)
1688540185.349619 sending message 112 to peer 0x158048000 (13 bytes)
1688540185.349625 sending message 112 to peer 0x158048000 (9 bytes)
1688540185.349630 sending message 112 to peer 0x158048000 (16 bytes)
1688540185.349636 sending message 112 to peer 0x158048000 (13 bytes)
1688540185.349641 sending message 112 to peer 0x158048000 (9 bytes)
1688540185.349647 sending message 112 to peer 0x158048000 (9 bytes)
1688540185.349653 sending message 112 to peer 0x158048000 (12 bytes)
1688540185.349658 sending message 112 to peer 0x158048000 (8 bytes)
1688540185.349663 sending message 112 to peer 0x158048000 (8 bytes)
1688540185.349668 sending message 112 to peer 0x158048000 (13 bytes)
1688540185.349672 sending message 112 to peer 0x158048000 (7 bytes)
1688540185.349676 sending message 112 to peer 0x158048000 (7 bytes)
1688540185.349681 sending message 112 to peer 0x158048000 (9 bytes)
1688540185.349687 sending message 112 to peer 0x158048000 (9 bytes)
1688540185.349692 sending message 112 to peer 0x158048000 (15 bytes)
1688540185.349697 sending message 112 to peer 0x158048000 (13 bytes)
1688540185.349702 sending message 112 to peer 0x158048000 (12 bytes)
1688540185.349707 sending message 112 to peer 0x158048000 (8 bytes)
1688540185.349713 sending message 112 to peer 0x158048000 (14 bytes)
1688540185.349718 sending message 112 to peer 0x158048000 (11 bytes)
1688540185.349724 sending message 112 to peer 0x158048000 (9 bytes)
1688540185.349729 sending message 112 to peer 0x158048000 (10 bytes)
1688540185.349746 sending message 112 to peer 0x158048000 (10 bytes)
1688540185.349750 sending message 112 to peer 0x158048000 (10 bytes)
1688540185.349754 sending message 112 to peer 0x158048000 (10 bytes)
1688540185.349757 sending message 112 to peer 0x158048000 (11 bytes)
1688540185.349761 sending message 112 to peer 0x158048000 (12 bytes)
1688540185.349765 sending message 112 to peer 0x158048000 (12 bytes)
1688540185.349768 sending message 112 to peer 0x158048000 (12 bytes)
1688540185.349772 sending message 112 to peer 0x158048000 (12 bytes)
1688540185.349775 sending message 112 to peer 0x158048000 (12 bytes)
1688540185.349779 sending message 112 to peer 0x158048000 (11 bytes)
1688540185.349783 sending message 112 to peer 0x158048000 (11 bytes)
1688540185.349787 sending message 112 to peer 0x158048000 (12 bytes)
1688540185.349790 sending message 112 to peer 0x158048000 (12 bytes)
1688540185.349794 sending message 112 to peer 0x158048000 (12 bytes)
1688540185.349797 sending message 112 to peer 0x158048000 (12 bytes)
1688540185.349800 sending message 112 to peer 0x158048000 (12 bytes)
1688540185.349803 sending message 112 to peer 0x158048000 (9 bytes)
1688540185.349806 sending message 112 to peer 0x158048000 (12 bytes)
1688540185.349810 sending message 112 to peer 0x158048000 (13 bytes)
1688540185.349814 sending message 112 to peer 0x158048000 (13 bytes)
1688540185.349818 sending message 112 to peer 0x158048000 (13 bytes)
1688540185.349822 sending message 112 to peer 0x158048000 (13 bytes)
1688540185.349825 sending message 112 to peer 0x158048000 (13 bytes)
1688540185.349829 sending message 112 to peer 0x158048000 (8 bytes)
1688540185.349832 sending message 112 to peer 0x158048000 (11 bytes)
1688540185.349836 sending message 112 to peer 0x158048000 (11 bytes)
1688540185.349840 sending message 112 to peer 0x158048000 (11 bytes)
1688540185.349843 sending message 112 to peer 0x158048000 (12 bytes)
1688540185.349847 sending message 112 to peer 0x158048000 (12 bytes)
1688540185.349851 sending message 112 to peer 0x158048000 (12 bytes)
1688540185.349854 sending message 112 to peer 0x158048000 (12 bytes)
1688540185.349858 sending message 112 to peer 0x158048000 (13 bytes)
1688540185.349861 sending message 112 to peer 0x158048000 (13 bytes)
1688540185.349865 sending message 112 to peer 0x158048000 (13 bytes)
1688540185.349869 sending message 112 to peer 0x158048000 (8 bytes)
1688540185.349874 sending message 112 to peer 0x158048000 (13 bytes)
1688540185.349877 sending message 112 to peer 0x158048000 (13 bytes)
1688540185.349881 sending message 112 to peer 0x158048000 (13 bytes)
1688540185.349885 sending message 112 to peer 0x158048000 (13 bytes)
1688540185.349888 sending message 112 to peer 0x158048000 (13 bytes)
1688540185.349892 sending message 112 to peer 0x158048000 (12 bytes)
1688540185.349895 sending message 112 to peer 0x158048000 (12 bytes)
1688540185.349898 sending message 112 to peer 0x158048000 (12 bytes)
1688540185.349902 sending message 112 to peer 0x158048000 (12 bytes)
1688540185.349905 sending message 112 to peer 0x158048000 (13 bytes)
1688540185.349908 sending message 112 to peer 0x158048000 (8 bytes)
1688540185.349912 sending message 112 to peer 0x158048000 (13 bytes)
1688540185.349917 sending message 112 to peer 0x158048000 (13 bytes)
1688540185.349921 sending message 112 to peer 0x158048000 (13 bytes)
1688540185.349923 sending message 112 to peer 0x158048000 (13 bytes)
1688540185.349928 sending message 112 to peer 0x158048000 (13 bytes)
1688540185.349931 sending message 112 to peer 0x158048000 (13 bytes)
1688540185.349935 sending message 112 to peer 0x158048000 (13 bytes)
1688540185.349939 sending message 112 to peer 0x158048000 (12 bytes)
1688540185.349942 sending message 112 to peer 0x158048000 (12 bytes)
1688540185.349946 sending message 112 to peer 0x158048000 (12 bytes)
1688540185.349950 sending message 112 to peer 0x158048000 (8 bytes)
1688540185.349954 sending message 112 to peer 0x158048000 (12 bytes)
1688540185.349957 sending message 112 to peer 0x158048000 (13 bytes)
1688540185.349967 sending message 112 to peer 0x158048000 (13 bytes)
1688540185.349971 sending message 112 to peer 0x158048000 (13 bytes)
1688540185.349974 sending message 112 to peer 0x158048000 (13 bytes)
1688540185.349978 sending message 112 to peer 0x158048000 (13 bytes)
1688540185.349982 sending message 112 to peer 0x158048000 (13 bytes)
1688540185.349986 sending message 112 to peer 0x158048000 (13 bytes)
1688540185.349989 sending message 112 to peer 0x158048000 (13 bytes)
1688540185.349992 sending message 112 to peer 0x158048000 (12 bytes)
1688540185.349995 sending message 112 to peer 0x158048000 (10 bytes)
1688540185.349999 sending message 112 to peer 0x158048000 (12 bytes)
1688540185.350002 sending message 112 to peer 0x158048000 (12 bytes)
1688540185.350006 sending message 112 to peer 0x158048000 (12 bytes)
1688540185.350010 sending message 112 to peer 0x158048000 (13 bytes)
1688540185.350014 sending message 112 to peer 0x158048000 (13 bytes)
1688540185.350017 sending message 112 to peer 0x158048000 (13 bytes)
1688540185.350021 sending message 112 to peer 0x158048000 (13 bytes)
1688540185.350024 sending message 112 to peer 0x158048000 (13 bytes)
1688540185.350027 sending message 112 to peer 0x158048000 (13 bytes)
1688540185.350031 sending message 112 to peer 0x158048000 (13 bytes)
1688540185.350035 sending message 112 to peer 0x158048000 (10 bytes)
1688540185.350039 sending message 112 to peer 0x158048000 (13 bytes)
1688540185.350042 sending message 112 to peer 0x158048000 (12 bytes)
1688540185.350046 sending message 112 to peer 0x158048000 (12 bytes)
1688540185.350050 sending message 112 to peer 0x158048000 (12 bytes)
1688540185.350054 sending message 112 to peer 0x158048000 (10 bytes)
1688540185.350058 sending message 112 to peer 0x158048000 (10 bytes)
1688540185.350061 sending message 112 to peer 0x158048000 (10 bytes)
1688540185.350065 sending message 112 to peer 0x158048000 (12 bytes)
1688540185.350069 sending message 112 to peer 0x158048000 (13 bytes)
1688540185.350073 sending message 112 to peer 0x158048000 (13 bytes)
1688540185.350078 sending message 112 to peer 0x158048000 (13 bytes)
1688540185.350081 sending message 112 to peer 0x158048000 (13 bytes)
1688540185.350084 sending message 112 to peer 0x158048000 (13 bytes)
1688540185.350088 sending message 112 to peer 0x158048000 (10 bytes)
1688540185.350092 sending message 112 to peer 0x158048000 (11 bytes)
1688540185.350096 sending message 112 to peer 0x158048000 (12 bytes)
1688540185.350100 sending message 112 to peer 0x158048000 (12 bytes)
1688540185.350103 sending message 112 to peer 0x158048000 (12 bytes)
1688540185.350107 sending message 112 to peer 0x158048000 (12 bytes)
1688540185.350111 sending message 112 to peer 0x158048000 (12 bytes)
1688540185.350114 sending message 112 to peer 0x158048000 (11 bytes)
1688540185.350117 sending message 112 to peer 0x158048000 (12 bytes)
1688540185.350121 sending message 112 to peer 0x158048000 (12 bytes)
1688540185.350124 sending message 112 to peer 0x158048000 (13 bytes)
1688540185.350128 sending message 112 to peer 0x158048000 (13 bytes)
1688540185.350132 sending message 112 to peer 0x158048000 (13 bytes)
1688540185.350136 sending message 112 to peer 0x158048000 (13 bytes)
1688540185.350140 sending message 112 to peer 0x158048000 (13 bytes)
1688540185.350143 sending message 112 to peer 0x158048000 (10 bytes)
1688540185.350147 sending message 112 to peer 0x158048000 (9 bytes)
1688540185.350151 sending message 112 to peer 0x158048000 (12 bytes)
1688540185.350155 sending message 112 to peer 0x158048000 (13 bytes)
1688540185.350159 sending message 112 to peer 0x158048000 (13 bytes)
1688540185.350163 sending message 112 to peer 0x158048000 (13 bytes)
1688540185.350168 sending message 112 to peer 0x158048000 (13 bytes)
1688540185.350171 sending message 112 to peer 0x158048000 (13 bytes)
1688540185.350175 sending message 112 to peer 0x158048000 (9 bytes)
1688540185.350179 sending message 112 to peer 0x158048000 (12 bytes)
1688540185.350183 sending message 112 to peer 0x158048000 (13 bytes)
1688540185.350187 sending message 112 to peer 0x158048000 (13 bytes)
1688540185.350196 sending message 112 to peer 0x158048000 (13 bytes)
1688540185.350199 sending message 112 to peer 0x158048000 (13 bytes)
1688540185.350203 sending message 112 to peer 0x158048000 (13 bytes)
1688540185.350206 sending message 112 to peer 0x158048000 (11 bytes)
1688540185.350210 sending message 112 to peer 0x158048000 (12 bytes)
1688540185.350214 sending message 112 to peer 0x158048000 (13 bytes)
1688540185.350218 sending message 112 to peer 0x158048000 (13 bytes)
1688540185.350221 sending message 112 to peer 0x158048000 (13 bytes)
1688540185.350226 sending message 112 to peer 0x158048000 (13 bytes)
1688540185.350229 sending message 112 to peer 0x158048000 (13 bytes)
1688540185.350232 sending message 112 to peer 0x158048000 (11 bytes)
1688540185.350237 sending message 112 to peer 0x158048000 (12 bytes)
1688540185.350240 sending message 112 to peer 0x158048000 (12 bytes)
1688540185.350244 sending message 112 to peer 0x158048000 (12 bytes)
1688540185.350248 sending message 112 to peer 0x158048000 (12 bytes)
1688540185.350252 sending message 112 to peer 0x158048000 (12 bytes)
1688540185.350256 sending message 112 to peer 0x158048000 (21 bytes)
1688540185.350259 sending message 112 to peer 0x158048000 (12 bytes)
1688540185.350263 sending message 112 to peer 0x158048000 (9 bytes)
1688540185.350267 sending message 112 to peer 0x158048000 (6 bytes)
1688540185.350271 sending message 112 to peer 0x158048000 (13 bytes)
1688540185.350275 sending message 112 to peer 0x158048000 (10 bytes)
1688540185.350280 sending message 112 to peer 0x158048000 (24 bytes)
1688540185.350284 sending message 112 to peer 0x158048000 (13 bytes)
1688540185.350288 sending message 112 to peer 0x158048000 (9 bytes)
1688540185.350292 sending message 112 to peer 0x158048000 (70 bytes)
1688540185.350298 sending message 112 to peer 0x158048000 (69 bytes)
1688540185.350302 sending message 112 to peer 0x158048000 (12 bytes)
1688540185.350306 sending message 112 to peer 0x158048000 (10 bytes)
1688540185.350310 sending message 112 to peer 0x158048000 (10 bytes)
1688540185.350313 sending message 112 to peer 0x158048000 (24 bytes)
1688540185.350317 sending message 112 to peer 0x158048000 (13 bytes)
1688540185.350321 sending message 112 to peer 0x158048000 (10 bytes)
1688540185.350325 sending message 112 to peer 0x158048000 (10 bytes)
1688540185.350328 sending message 112 to peer 0x158048000 (10 bytes)
1688540185.350332 sending message 112 to peer 0x158048000 (13 bytes)
1688540185.350335 sending message 112 to peer 0x158048000 (15 bytes)
1688540185.350339 sending message 112 to peer 0x158048000 (5 bytes)
1688540185.350344 sending message 104 to peer 0x158048000 (0 bytes)
1688540185.350349 sending message 110 to peer 0x158048000 (0 bytes)
1688540185.350353 sending message 107 to peer 0x158048000 (4 bytes)
1688540185.350358 sending message 105 to peer 0x158048000 (20 bytes)
1688540185.350363 sending message 105 to peer 0x158048000 (22 bytes)
1688540185.350366 sending message 105 to peer 0x158048000 (22 bytes)
1688540185.350370 sending message 105 to peer 0x158048000 (15 bytes)
1688540185.350373 sending message 105 to peer 0x158048000 (18 bytes)
1688540185.350379 sending message 105 to peer 0x158048000 (1086 bytes)
1688540185.350388 sending message 105 to peer 0x158048000 (15 bytes)
1688540185.350392 sending message 105 to peer 0x158048000 (66 bytes)
1688540185.350396 sending message 105 to peer 0x158048000 (22 bytes)
1688540185.350400 sending message 105 to peer 0x158048000 (20 bytes)
1688540185.350403 sending message 105 to peer 0x158048000 (26 bytes)
1688540185.350407 sending message 105 to peer 0x158048000 (51 bytes)
1688540185.350413 sending message 105 to peer 0x158048000 (57 bytes)
1688540185.350417 sending message 105 to peer 0x158048000 (15 bytes)
1688540185.350421 sending message 105 to peer 0x158048000 (30 bytes)
1688540185.350425 sending message 105 to peer 0x158048000 (23 bytes)
1688540185.350429 sending message 105 to peer 0x158048000 (14 bytes)
1688540185.350433 sending message 105 to peer 0x158048000 (19 bytes)
1688540185.350443 sending message 105 to peer 0x158048000 (42 bytes)
1688540185.350447 sending message 105 to peer 0x158048000 (38 bytes)
1688540185.350451 sending message 105 to peer 0x158048000 (8 bytes)
1688540185.350455 sending message 105 to peer 0x158048000 (34 bytes)
1688540185.350459 sending message 105 to peer 0x158048000 (48 bytes)
1688540185.350462 sending message 105 to peer 0x158048000 (32 bytes)
1688540185.350464 sending message 105 to peer 0x158048000 (11 bytes)
1688540185.350468 sending message 105 to peer 0x158048000 (8 bytes)
1688540185.350471 sending message 105 to peer 0x158048000 (32 bytes)
1688540185.350475 sending message 105 to peer 0x158048000 (96 bytes)
1688540185.350481 sending message 105 to peer 0x158048000 (30 bytes)
1688540185.350485 sending message 105 to peer 0x158048000 (16 bytes)
1688540185.350489 sending message 105 to peer 0x158048000 (57 bytes)
1688540185.350493 sending message 105 to peer 0x158048000 (66 bytes)
1688540185.350496 sending message 105 to peer 0x158048000 (47 bytes)
1688540185.350500 sending message 105 to peer 0x158048000 (42 bytes)
1688540185.350504 sending message 105 to peer 0x158048000 (22 bytes)
1688540185.350507 sending message 105 to peer 0x158048000 (25 bytes)
1688540185.350511 sending message 106 to peer 0x158048000 (0 bytes)
1688540185.350560 sending message 200 to peer 0x158048000 (4 bytes)
1688540185.350564 client loop enter
1688540185.350579 client_signal: Child exited: 20
1688540185.398900 peer 0x158048000 message 207
1688540185.398909 sending message 208 to peer 0x158048000 (0 bytes)
1688540190.418188 peer 0x158048000 message 203
1688540190.418206 sending message 205 to peer 0x158048000 (0 bytes)
1688540190.418503 peer 0x158048000 message 204
1688540190.418523 client loop exit
